Flow report for RF
Sat May  4 00:31:14 2019
Quartus II 64-Bit Version 13.0.0 Build 156 04/24/2013 SJ Web Edition


---------------------
; Table of Contents ;
---------------------
  1. Legal Notice
  2. Flow Summary
  3. Flow Settings
  4. Flow Non-Default Global Settings
  5. Flow Elapsed Time
  6. Flow OS Summary
  7. Flow Log
  8. Flow Messages
  9. Flow Suppressed Messages



----------------
; Legal Notice ;
----------------
Copyright (C) 1991-2013 Altera Corporation
Your use of Altera Corporation's design tools, logic functions 
and other software and tools, and its AMPP partner logic 
functions, and any output files from any of the foregoing 
(including device programming or simulation files), and any 
associated documentation or information are expressly subject 
to the terms and conditions of the Altera Program License 
Subscription Agreement, Altera MegaCore Function License 
Agreement, or other applicable license agreement, including, 
without limitation, that your use is for the sole purpose of 
programming logic devices manufactured by Altera and sold by 
Altera or its authorized distributors.  Please refer to the 
applicable agreement for further details.



+----------------------------------------------------------------------------------+
; Flow Summary                                                                     ;
+-------------------------------------+--------------------------------------------+
; Flow Status                         ; Successful - Sat May  4 00:31:14 2019      ;
; Quartus II 64-Bit Version           ; 13.0.0 Build 156 04/24/2013 SJ Web Edition ;
; Revision Name                       ; RF                                         ;
; Top-level Entity Name               ; RF                                         ;
; Family                              ; Cyclone V                                  ;
; Device                              ; 5CGXFC7C7F23C8                             ;
; Timing Models                       ; Preliminary                                ;
; Logic utilization (in ALMs)         ; 197 / 56,480 ( < 1 % )                     ;
; Total registers                     ; 128                                        ;
; Total pins                          ; 138 / 268 ( 51 % )                         ;
; Total virtual pins                  ; 0                                          ;
; Total block memory bits             ; 0 / 7,024,640 ( 0 % )                      ;
; Total DSP Blocks                    ; 0 / 156 ( 0 % )                            ;
; Total HSSI RX PCSs                  ; 0 / 6 ( 0 % )                              ;
; Total HSSI PMA RX Deserializers     ; 0 / 6 ( 0 % )                              ;
; Total HSSI PMA RX ATT Deserializers ; 0                                          ;
; Total HSSI TX PCSs                  ; 0 / 6 ( 0 % )                              ;
; Total HSSI PMA TX Serializers       ; 0 / 6 ( 0 % )                              ;
; Total HSSI PMA TX ATT Serializers   ; 0 / 6 ( 0 % )                              ;
; Total PLLs                          ; 0 / 13 ( 0 % )                             ;
; Total DLLs                          ; 0 / 4 ( 0 % )                              ;
+-------------------------------------+--------------------------------------------+


+-----------------------------------------+
; Flow Settings                           ;
+-------------------+---------------------+
; Option            ; Setting             ;
+-------------------+---------------------+
; Start date & time ; 05/04/2019 00:28:13 ;
; Main task         ; Compilation         ;
; Revision Name     ; RF                  ;
+-------------------+---------------------+


+-------------------------------------------------------------------------------------------------------------+
; Flow Non-Default Global Settings                                                                            ;
+-------------------------------------+------------------------+---------------+-------------+----------------+
; Assignment Name                     ; Value                  ; Default Value ; Entity Name ; Section Id     ;
+-------------------------------------+------------------------+---------------+-------------+----------------+
; COMPILER_SIGNATURE_ID               ; 0.155690989305247      ; --            ; --          ; --             ;
; EDA_OUTPUT_DATA_FORMAT              ; Vhdl                   ; --            ; --          ; eda_simulation ;
; EDA_SIMULATION_TOOL                 ; ModelSim-Altera (VHDL) ; <None>        ; --          ; --             ;
; MAX_CORE_JUNCTION_TEMP              ; 85                     ; --            ; --          ; --             ;
; MIN_CORE_JUNCTION_TEMP              ; 0                      ; --            ; --          ; --             ;
; PARTITION_COLOR                     ; 16764057               ; --            ; --          ; Top            ;
; PARTITION_FITTER_PRESERVATION_LEVEL ; PLACEMENT_AND_ROUTING  ; --            ; --          ; Top            ;
; PARTITION_NETLIST_TYPE              ; SOURCE                 ; --            ; --          ; Top            ;
; PROJECT_OUTPUT_DIRECTORY            ; output_files           ; --            ; --          ; --             ;
+-------------------------------------+------------------------+---------------+-------------+----------------+


+-------------------------------------------------------------------------------------------------------------------------------+
; Flow Elapsed Time                                                                                                             ;
+---------------------------+--------------+-------------------------+---------------------+------------------------------------+
; Module Name               ; Elapsed Time ; Average Processors Used ; Peak Virtual Memory ; Total CPU Time (on all processors) ;
+---------------------------+--------------+-------------------------+---------------------+------------------------------------+
; Analysis & Synthesis      ; 00:00:02     ; 1.0                     ; 670 MB              ; 00:00:02                           ;
; Fitter                    ; 00:01:00     ; 1.3                     ; 1951 MB             ; 00:01:10                           ;
; Assembler                 ; 00:00:11     ; 1.0                     ; 794 MB              ; 00:00:11                           ;
; TimeQuest Timing Analyzer ; 00:00:12     ; 1.2                     ; 1220 MB             ; 00:00:13                           ;
; EDA Netlist Writer        ; 00:00:01     ; 1.0                     ; 893 MB              ; 00:00:01                           ;
; Total                     ; 00:01:26     ; --                      ; --                  ; 00:01:37                           ;
+---------------------------+--------------+-------------------------+---------------------+------------------------------------+


+---------------------------------------------------------------------------------------------+
; Flow OS Summary                                                                             ;
+---------------------------+------------------+----------------+------------+----------------+
; Module Name               ; Machine Hostname ; OS Name        ; OS Version ; Processor type ;
+---------------------------+------------------+----------------+------------+----------------+
; Analysis & Synthesis      ; parallels-vm     ; Ubuntu 16.04.5 ; 16         ; x86_64         ;
; Fitter                    ; parallels-vm     ; Ubuntu 16.04.5 ; 16         ; x86_64         ;
; Assembler                 ; parallels-vm     ; Ubuntu 16.04.5 ; 16         ; x86_64         ;
; TimeQuest Timing Analyzer ; parallels-vm     ; Ubuntu 16.04.5 ; 16         ; x86_64         ;
; EDA Netlist Writer        ; parallels-vm     ; Ubuntu 16.04.5 ; 16         ; x86_64         ;
+---------------------------+------------------+----------------+------------+----------------+


------------
; Flow Log ;
------------
quartus_map --read_settings_files=on --write_settings_files=off RF -c RF
quartus_fit --read_settings_files=off --write_settings_files=off RF -c RF
quartus_asm --read_settings_files=off --write_settings_files=off RF -c RF
quartus_sta RF -c RF
quartus_eda --read_settings_files=off --write_settings_files=off RF -c RF



