Analysis & Synthesis report for ID
Sun May  5 23:17:13 2019
Quartus II 64-Bit Version 13.0.0 Build 156 04/24/2013 SJ Web Edition


---------------------
; Table of Contents ;
---------------------
  1. Legal Notice
  2. Analysis & Synthesis Summary
  3. Analysis & Synthesis Settings
  4. Parallel Compilation
  5. Analysis & Synthesis Source Files Read
  6. Analysis & Synthesis Resource Usage Summary
  7. Analysis & Synthesis Resource Utilization by Entity
  8. General Register Statistics
  9. Multiplexer Restructuring Statistics (Restructuring Performed)
 10. Parameter Settings for User Entity Instance: myRegister:SPEC_TAG_REG
 11. Parameter Settings for User Entity Instance: myRegister:STORE_TAG_REG
 12. Port Connectivity Checks: "Add:STORE_TAG_INC2"
 13. Port Connectivity Checks: "Add:STORE_TAG_DEC2"
 14. Port Connectivity Checks: "Add:STORE_TAG_INC"
 15. Port Connectivity Checks: "Add:STORE_TAG_DEC"
 16. Port Connectivity Checks: "Add:ADDER3"
 17. Port Connectivity Checks: "Add:ADDER2|FullAdder:F0"
 18. Port Connectivity Checks: "Add:ADDER2"
 19. Elapsed Time Per Partition
 20. Analysis & Synthesis Messages



----------------
; Legal Notice ;
----------------
Copyright (C) 1991-2013 Altera Corporation
Your use of Altera Corporation's design tools, logic functions 
and other software and tools, and its AMPP partner logic 
functions, and any output files from any of the foregoing 
(including device programming or simulation files), and any 
associated documentation or information are expressly subject 
to the terms and conditions of the Altera Program License 
Subscription Agreement, Altera MegaCore Function License 
Agreement, or other applicable license agreement, including, 
without limitation, that your use is for the sole purpose of 
programming logic devices manufactured by Altera and sold by 
Altera or its authorized distributors.  Please refer to the 
applicable agreement for further details.



+---------------------------------------------------------------------------------+
; Analysis & Synthesis Summary                                                    ;
+------------------------------------+--------------------------------------------+
; Analysis & Synthesis Status        ; Successful - Sun May  5 23:17:13 2019      ;
; Quartus II 64-Bit Version          ; 13.0.0 Build 156 04/24/2013 SJ Web Edition ;
; Revision Name                      ; ID                                         ;
; Top-level Entity Name              ; ID                                         ;
; Family                             ; Cyclone II                                 ;
; Total logic elements               ; 767                                        ;
;     Total combinational functions  ; 767                                        ;
;     Dedicated logic registers      ; 7                                          ;
; Total registers                    ; 7                                          ;
; Total pins                         ; 573                                        ;
; Total virtual pins                 ; 0                                          ;
; Total memory bits                  ; 0                                          ;
; Embedded Multiplier 9-bit elements ; 0                                          ;
; Total PLLs                         ; 0                                          ;
+------------------------------------+--------------------------------------------+


+----------------------------------------------------------------------------------------------------------------------+
; Analysis & Synthesis Settings                                                                                        ;
+----------------------------------------------------------------------------+--------------------+--------------------+
; Option                                                                     ; Setting            ; Default Value      ;
+----------------------------------------------------------------------------+--------------------+--------------------+
; Device                                                                     ; EP2C70F896C6       ;                    ;
; Top-level entity name                                                      ; ID                 ; ID                 ;
; Family name                                                                ; Cyclone II         ; Cyclone IV GX      ;
; Use smart compilation                                                      ; Off                ; Off                ;
; Enable parallel Assembler and TimeQuest Timing Analyzer during compilation ; On                 ; On                 ;
; Enable compact report table                                                ; Off                ; Off                ;
; Restructure Multiplexers                                                   ; Auto               ; Auto               ;
; Create Debugging Nodes for IP Cores                                        ; Off                ; Off                ;
; Preserve fewer node names                                                  ; On                 ; On                 ;
; Disable OpenCore Plus hardware evaluation                                  ; Off                ; Off                ;
; Verilog Version                                                            ; Verilog_2001       ; Verilog_2001       ;
; VHDL Version                                                               ; VHDL_1993          ; VHDL_1993          ;
; State Machine Processing                                                   ; Auto               ; Auto               ;
; Safe State Machine                                                         ; Off                ; Off                ;
; Extract Verilog State Machines                                             ; On                 ; On                 ;
; Extract VHDL State Machines                                                ; On                 ; On                 ;
; Ignore Verilog initial constructs                                          ; Off                ; Off                ;
; Iteration limit for constant Verilog loops                                 ; 5000               ; 5000               ;
; Iteration limit for non-constant Verilog loops                             ; 250                ; 250                ;
; Add Pass-Through Logic to Inferred RAMs                                    ; On                 ; On                 ;
; Infer RAMs from Raw Logic                                                  ; On                 ; On                 ;
; Parallel Synthesis                                                         ; On                 ; On                 ;
; DSP Block Balancing                                                        ; Auto               ; Auto               ;
; NOT Gate Push-Back                                                         ; On                 ; On                 ;
; Power-Up Don't Care                                                        ; On                 ; On                 ;
; Remove Redundant Logic Cells                                               ; Off                ; Off                ;
; Remove Duplicate Registers                                                 ; On                 ; On                 ;
; Ignore CARRY Buffers                                                       ; Off                ; Off                ;
; Ignore CASCADE Buffers                                                     ; Off                ; Off                ;
; Ignore GLOBAL Buffers                                                      ; Off                ; Off                ;
; Ignore ROW GLOBAL Buffers                                                  ; Off                ; Off                ;
; Ignore LCELL Buffers                                                       ; Off                ; Off                ;
; Ignore SOFT Buffers                                                        ; On                 ; On                 ;
; Limit AHDL Integers to 32 Bits                                             ; Off                ; Off                ;
; Optimization Technique                                                     ; Balanced           ; Balanced           ;
; Carry Chain Length                                                         ; 70                 ; 70                 ;
; Auto Carry Chains                                                          ; On                 ; On                 ;
; Auto Open-Drain Pins                                                       ; On                 ; On                 ;
; Perform WYSIWYG Primitive Resynthesis                                      ; Off                ; Off                ;
; Auto ROM Replacement                                                       ; On                 ; On                 ;
; Auto RAM Replacement                                                       ; On                 ; On                 ;
; Auto Shift Register Replacement                                            ; Auto               ; Auto               ;
; Allow Shift Register Merging across Hierarchies                            ; Auto               ; Auto               ;
; Auto Clock Enable Replacement                                              ; On                 ; On                 ;
; Strict RAM Replacement                                                     ; Off                ; Off                ;
; Allow Synchronous Control Signals                                          ; On                 ; On                 ;
; Force Use of Synchronous Clear Signals                                     ; Off                ; Off                ;
; Auto RAM to Logic Cell Conversion                                          ; Off                ; Off                ;
; Auto Resource Sharing                                                      ; Off                ; Off                ;
; Allow Any RAM Size For Recognition                                         ; Off                ; Off                ;
; Allow Any ROM Size For Recognition                                         ; Off                ; Off                ;
; Allow Any Shift Register Size For Recognition                              ; Off                ; Off                ;
; Use LogicLock Constraints during Resource Balancing                        ; On                 ; On                 ;
; Ignore translate_off and synthesis_off directives                          ; Off                ; Off                ;
; Timing-Driven Synthesis                                                    ; Off                ; Off                ;
; Report Parameter Settings                                                  ; On                 ; On                 ;
; Report Source Assignments                                                  ; On                 ; On                 ;
; Report Connectivity Checks                                                 ; On                 ; On                 ;
; Ignore Maximum Fan-Out Assignments                                         ; Off                ; Off                ;
; Synchronization Register Chain Length                                      ; 2                  ; 2                  ;
; PowerPlay Power Optimization                                               ; Normal compilation ; Normal compilation ;
; HDL message level                                                          ; Level2             ; Level2             ;
; Suppress Register Optimization Related Messages                            ; Off                ; Off                ;
; Number of Removed Registers Reported in Synthesis Report                   ; 5000               ; 5000               ;
; Number of Swept Nodes Reported in Synthesis Report                         ; 5000               ; 5000               ;
; Number of Inverted Registers Reported in Synthesis Report                  ; 100                ; 100                ;
; Clock MUX Protection                                                       ; On                 ; On                 ;
; Auto Gated Clock Conversion                                                ; Off                ; Off                ;
; Block Design Naming                                                        ; Auto               ; Auto               ;
; SDC constraint protection                                                  ; Off                ; Off                ;
; Synthesis Effort                                                           ; Auto               ; Auto               ;
; Shift Register Replacement - Allow Asynchronous Clear Signal               ; On                 ; On                 ;
; Pre-Mapping Resynthesis Optimization                                       ; Off                ; Off                ;
; Analysis & Synthesis Message Level                                         ; Medium             ; Medium             ;
; Disable Register Merging Across Hierarchies                                ; Auto               ; Auto               ;
; Resource Aware Inference For Block RAM                                     ; On                 ; On                 ;
; Synthesis Seed                                                             ; 1                  ; 1                  ;
+----------------------------------------------------------------------------+--------------------+--------------------+


+------------------------------------------+
; Parallel Compilation                     ;
+----------------------------+-------------+
; Processors                 ; Number      ;
+----------------------------+-------------+
; Number detected on machine ; 2           ;
; Maximum allowed            ; 2           ;
;                            ;             ;
; Average used               ; 1.00        ;
; Maximum used               ; 1           ;
;                            ;             ;
; Usage by Processor         ; % Time Used ;
;     Processor 1            ; 100.0%      ;
;     Processor 2            ;   0.0%      ;
+----------------------------+-------------+


+-----------------------------------------------------------------------------------------------------------------------------------------------------------+
; Analysis & Synthesis Source Files Read                                                                                                                    ;
+----------------------------------+-----------------+-----------------+--------------------------------------------------------------------------+---------+
; File Name with User-Entered Path ; Used in Netlist ; File Type       ; File Name with Absolute Path                                             ; Library ;
+----------------------------------+-----------------+-----------------+--------------------------------------------------------------------------+---------+
; register.vhd                     ; yes             ; User VHDL File  ; /media/psf/mac-linux/GitHub/EE739_Superscalar/ID/register.vhd            ;         ;
; pen32bitwith2output.vhd          ; yes             ; User VHDL File  ; /media/psf/mac-linux/GitHub/EE739_Superscalar/ID/pen32bitwith2output.vhd ;         ;
; pen32bit.vhd                     ; yes             ; User VHDL File  ; /media/psf/mac-linux/GitHub/EE739_Superscalar/ID/pen32bit.vhd            ;         ;
; ID.vhd                           ; yes             ; User VHDL File  ; /media/psf/mac-linux/GitHub/EE739_Superscalar/ID/ID.vhd                  ;         ;
; FullAdder.vhd                    ; yes             ; User VHDL File  ; /media/psf/mac-linux/GitHub/EE739_Superscalar/ID/FullAdder.vhd           ;         ;
; add.vhd                          ; yes             ; User VHDL File  ; /media/psf/mac-linux/GitHub/EE739_Superscalar/ID/add.vhd                 ;         ;
+----------------------------------+-----------------+-----------------+--------------------------------------------------------------------------+---------+


+--------------------------------------------------------------+
; Analysis & Synthesis Resource Usage Summary                  ;
+---------------------------------------------+----------------+
; Resource                                    ; Usage          ;
+---------------------------------------------+----------------+
; Estimated Total logic elements              ; 767            ;
;                                             ;                ;
; Total combinational functions               ; 767            ;
; Logic element usage by number of LUT inputs ;                ;
;     -- 4 input functions                    ; 496            ;
;     -- 3 input functions                    ; 183            ;
;     -- <=2 input functions                  ; 88             ;
;                                             ;                ;
; Logic elements by mode                      ;                ;
;     -- normal mode                          ; 767            ;
;     -- arithmetic mode                      ; 0              ;
;                                             ;                ;
; Total registers                             ; 7              ;
;     -- Dedicated logic registers            ; 7              ;
;     -- I/O registers                        ; 0              ;
;                                             ;                ;
; I/O pins                                    ; 573            ;
; Embedded Multiplier 9-bit elements          ; 0              ;
; Maximum fan-out node                        ; ra1_ir_out[12] ;
; Maximum fan-out                             ; 53             ;
; Total fan-out                               ; 3074           ;
; Average fan-out                             ; 2.28           ;
+---------------------------------------------+----------------+


+--------------------------------------------------------------------------------------------------------------------------------------------------------------------------------------------------------------+
; Analysis & Synthesis Resource Utilization by Entity                                                                                                                                                          ;
+----------------------------------+-------------------+--------------+-------------+--------------+---------+-----------+------+--------------+------------------------------------------------+--------------+
; Compilation Hierarchy Node       ; LC Combinationals ; LC Registers ; Memory Bits ; DSP Elements ; DSP 9x9 ; DSP 18x18 ; Pins ; Virtual Pins ; Full Hierarchy Name                            ; Library Name ;
+----------------------------------+-------------------+--------------+-------------+--------------+---------+-----------+------+--------------+------------------------------------------------+--------------+
; |ID                              ; 767 (499)         ; 7 (0)        ; 0           ; 0            ; 0       ; 0         ; 573  ; 0            ; |ID                                            ;              ;
;    |Add:ADDER2|                  ; 30 (0)            ; 0 (0)        ; 0           ; 0            ; 0       ; 0         ; 0    ; 0            ; |ID|Add:ADDER2                                 ;              ;
;       |FullAdder:F0|             ; 1 (1)             ; 0 (0)        ; 0           ; 0            ; 0       ; 0         ; 0    ; 0            ; |ID|Add:ADDER2|FullAdder:F0                    ;              ;
;       |FullAdder:\ist_add:10:F1| ; 2 (2)             ; 0 (0)        ; 0           ; 0            ; 0       ; 0         ; 0    ; 0            ; |ID|Add:ADDER2|FullAdder:\ist_add:10:F1        ;              ;
;       |FullAdder:\ist_add:11:F1| ; 2 (2)             ; 0 (0)        ; 0           ; 0            ; 0       ; 0         ; 0    ; 0            ; |ID|Add:ADDER2|FullAdder:\ist_add:11:F1        ;              ;
;       |FullAdder:\ist_add:12:F1| ; 2 (2)             ; 0 (0)        ; 0           ; 0            ; 0       ; 0         ; 0    ; 0            ; |ID|Add:ADDER2|FullAdder:\ist_add:12:F1        ;              ;
;       |FullAdder:\ist_add:13:F1| ; 2 (2)             ; 0 (0)        ; 0           ; 0            ; 0       ; 0         ; 0    ; 0            ; |ID|Add:ADDER2|FullAdder:\ist_add:13:F1        ;              ;
;       |FullAdder:\ist_add:14:F1| ; 2 (2)             ; 0 (0)        ; 0           ; 0            ; 0       ; 0         ; 0    ; 0            ; |ID|Add:ADDER2|FullAdder:\ist_add:14:F1        ;              ;
;       |FullAdder:\ist_add:15:F1| ; 1 (1)             ; 0 (0)        ; 0           ; 0            ; 0       ; 0         ; 0    ; 0            ; |ID|Add:ADDER2|FullAdder:\ist_add:15:F1        ;              ;
;       |FullAdder:\ist_add:1:F1|  ; 2 (2)             ; 0 (0)        ; 0           ; 0            ; 0       ; 0         ; 0    ; 0            ; |ID|Add:ADDER2|FullAdder:\ist_add:1:F1         ;              ;
;       |FullAdder:\ist_add:2:F1|  ; 2 (2)             ; 0 (0)        ; 0           ; 0            ; 0       ; 0         ; 0    ; 0            ; |ID|Add:ADDER2|FullAdder:\ist_add:2:F1         ;              ;
;       |FullAdder:\ist_add:3:F1|  ; 2 (2)             ; 0 (0)        ; 0           ; 0            ; 0       ; 0         ; 0    ; 0            ; |ID|Add:ADDER2|FullAdder:\ist_add:3:F1         ;              ;
;       |FullAdder:\ist_add:4:F1|  ; 2 (2)             ; 0 (0)        ; 0           ; 0            ; 0       ; 0         ; 0    ; 0            ; |ID|Add:ADDER2|FullAdder:\ist_add:4:F1         ;              ;
;       |FullAdder:\ist_add:5:F1|  ; 2 (2)             ; 0 (0)        ; 0           ; 0            ; 0       ; 0         ; 0    ; 0            ; |ID|Add:ADDER2|FullAdder:\ist_add:5:F1         ;              ;
;       |FullAdder:\ist_add:6:F1|  ; 2 (2)             ; 0 (0)        ; 0           ; 0            ; 0       ; 0         ; 0    ; 0            ; |ID|Add:ADDER2|FullAdder:\ist_add:6:F1         ;              ;
;       |FullAdder:\ist_add:7:F1|  ; 2 (2)             ; 0 (0)        ; 0           ; 0            ; 0       ; 0         ; 0    ; 0            ; |ID|Add:ADDER2|FullAdder:\ist_add:7:F1         ;              ;
;       |FullAdder:\ist_add:8:F1|  ; 2 (2)             ; 0 (0)        ; 0           ; 0            ; 0       ; 0         ; 0    ; 0            ; |ID|Add:ADDER2|FullAdder:\ist_add:8:F1         ;              ;
;       |FullAdder:\ist_add:9:F1|  ; 2 (2)             ; 0 (0)        ; 0           ; 0            ; 0       ; 0         ; 0    ; 0            ; |ID|Add:ADDER2|FullAdder:\ist_add:9:F1         ;              ;
;    |Add:ADDER3|                  ; 30 (0)            ; 0 (0)        ; 0           ; 0            ; 0       ; 0         ; 0    ; 0            ; |ID|Add:ADDER3                                 ;              ;
;       |FullAdder:F0|             ; 1 (1)             ; 0 (0)        ; 0           ; 0            ; 0       ; 0         ; 0    ; 0            ; |ID|Add:ADDER3|FullAdder:F0                    ;              ;
;       |FullAdder:\ist_add:10:F1| ; 2 (2)             ; 0 (0)        ; 0           ; 0            ; 0       ; 0         ; 0    ; 0            ; |ID|Add:ADDER3|FullAdder:\ist_add:10:F1        ;              ;
;       |FullAdder:\ist_add:11:F1| ; 2 (2)             ; 0 (0)        ; 0           ; 0            ; 0       ; 0         ; 0    ; 0            ; |ID|Add:ADDER3|FullAdder:\ist_add:11:F1        ;              ;
;       |FullAdder:\ist_add:12:F1| ; 2 (2)             ; 0 (0)        ; 0           ; 0            ; 0       ; 0         ; 0    ; 0            ; |ID|Add:ADDER3|FullAdder:\ist_add:12:F1        ;              ;
;       |FullAdder:\ist_add:13:F1| ; 2 (2)             ; 0 (0)        ; 0           ; 0            ; 0       ; 0         ; 0    ; 0            ; |ID|Add:ADDER3|FullAdder:\ist_add:13:F1        ;              ;
;       |FullAdder:\ist_add:14:F1| ; 2 (2)             ; 0 (0)        ; 0           ; 0            ; 0       ; 0         ; 0    ; 0            ; |ID|Add:ADDER3|FullAdder:\ist_add:14:F1        ;              ;
;       |FullAdder:\ist_add:15:F1| ; 1 (1)             ; 0 (0)        ; 0           ; 0            ; 0       ; 0         ; 0    ; 0            ; |ID|Add:ADDER3|FullAdder:\ist_add:15:F1        ;              ;
;       |FullAdder:\ist_add:1:F1|  ; 2 (2)             ; 0 (0)        ; 0           ; 0            ; 0       ; 0         ; 0    ; 0            ; |ID|Add:ADDER3|FullAdder:\ist_add:1:F1         ;              ;
;       |FullAdder:\ist_add:2:F1|  ; 2 (2)             ; 0 (0)        ; 0           ; 0            ; 0       ; 0         ; 0    ; 0            ; |ID|Add:ADDER3|FullAdder:\ist_add:2:F1         ;              ;
;       |FullAdder:\ist_add:3:F1|  ; 2 (2)             ; 0 (0)        ; 0           ; 0            ; 0       ; 0         ; 0    ; 0            ; |ID|Add:ADDER3|FullAdder:\ist_add:3:F1         ;              ;
;       |FullAdder:\ist_add:4:F1|  ; 2 (2)             ; 0 (0)        ; 0           ; 0            ; 0       ; 0         ; 0    ; 0            ; |ID|Add:ADDER3|FullAdder:\ist_add:4:F1         ;              ;
;       |FullAdder:\ist_add:5:F1|  ; 2 (2)             ; 0 (0)        ; 0           ; 0            ; 0       ; 0         ; 0    ; 0            ; |ID|Add:ADDER3|FullAdder:\ist_add:5:F1         ;              ;
;       |FullAdder:\ist_add:6:F1|  ; 2 (2)             ; 0 (0)        ; 0           ; 0            ; 0       ; 0         ; 0    ; 0            ; |ID|Add:ADDER3|FullAdder:\ist_add:6:F1         ;              ;
;       |FullAdder:\ist_add:7:F1|  ; 2 (2)             ; 0 (0)        ; 0           ; 0            ; 0       ; 0         ; 0    ; 0            ; |ID|Add:ADDER3|FullAdder:\ist_add:7:F1         ;              ;
;       |FullAdder:\ist_add:8:F1|  ; 2 (2)             ; 0 (0)        ; 0           ; 0            ; 0       ; 0         ; 0    ; 0            ; |ID|Add:ADDER3|FullAdder:\ist_add:8:F1         ;              ;
;       |FullAdder:\ist_add:9:F1|  ; 2 (2)             ; 0 (0)        ; 0           ; 0            ; 0       ; 0         ; 0    ; 0            ; |ID|Add:ADDER3|FullAdder:\ist_add:9:F1         ;              ;
;    |Add:STORE_TAG_DEC2|          ; 1 (0)             ; 0 (0)        ; 0           ; 0            ; 0       ; 0         ; 0    ; 0            ; |ID|Add:STORE_TAG_DEC2                         ;              ;
;       |FullAdder:\ist_add:2:F1|  ; 1 (1)             ; 0 (0)        ; 0           ; 0            ; 0       ; 0         ; 0    ; 0            ; |ID|Add:STORE_TAG_DEC2|FullAdder:\ist_add:2:F1 ;              ;
;    |Add:STORE_TAG_DEC|           ; 4 (0)             ; 0 (0)        ; 0           ; 0            ; 0       ; 0         ; 0    ; 0            ; |ID|Add:STORE_TAG_DEC                          ;              ;
;       |FullAdder:\ist_add:2:F1|  ; 1 (1)             ; 0 (0)        ; 0           ; 0            ; 0       ; 0         ; 0    ; 0            ; |ID|Add:STORE_TAG_DEC|FullAdder:\ist_add:2:F1  ;              ;
;       |FullAdder:\ist_add:3:F1|  ; 2 (2)             ; 0 (0)        ; 0           ; 0            ; 0       ; 0         ; 0    ; 0            ; |ID|Add:STORE_TAG_DEC|FullAdder:\ist_add:3:F1  ;              ;
;       |FullAdder:\ist_add:4:F1|  ; 1 (1)             ; 0 (0)        ; 0           ; 0            ; 0       ; 0         ; 0    ; 0            ; |ID|Add:STORE_TAG_DEC|FullAdder:\ist_add:4:F1  ;              ;
;    |Add:STORE_TAG_INC2|          ; 2 (0)             ; 0 (0)        ; 0           ; 0            ; 0       ; 0         ; 0    ; 0            ; |ID|Add:STORE_TAG_INC2                         ;              ;
;       |FullAdder:\ist_add:3:F1|  ; 1 (1)             ; 0 (0)        ; 0           ; 0            ; 0       ; 0         ; 0    ; 0            ; |ID|Add:STORE_TAG_INC2|FullAdder:\ist_add:3:F1 ;              ;
;       |FullAdder:\ist_add:4:F1|  ; 1 (1)             ; 0 (0)        ; 0           ; 0            ; 0       ; 0         ; 0    ; 0            ; |ID|Add:STORE_TAG_INC2|FullAdder:\ist_add:4:F1 ;              ;
;    |Add:STORE_TAG_INC|           ; 4 (0)             ; 0 (0)        ; 0           ; 0            ; 0       ; 0         ; 0    ; 0            ; |ID|Add:STORE_TAG_INC                          ;              ;
;       |FullAdder:\ist_add:2:F1|  ; 2 (2)             ; 0 (0)        ; 0           ; 0            ; 0       ; 0         ; 0    ; 0            ; |ID|Add:STORE_TAG_INC|FullAdder:\ist_add:2:F1  ;              ;
;       |FullAdder:\ist_add:3:F1|  ; 1 (1)             ; 0 (0)        ; 0           ; 0            ; 0       ; 0         ; 0    ; 0            ; |ID|Add:STORE_TAG_INC|FullAdder:\ist_add:3:F1  ;              ;
;       |FullAdder:\ist_add:4:F1|  ; 1 (1)             ; 0 (0)        ; 0           ; 0            ; 0       ; 0         ; 0    ; 0            ; |ID|Add:STORE_TAG_INC|FullAdder:\ist_add:4:F1  ;              ;
;    |myRegister:SPEC_TAG_REG|     ; 2 (2)             ; 2 (2)        ; 0           ; 0            ; 0       ; 0         ; 0    ; 0            ; |ID|myRegister:SPEC_TAG_REG                    ;              ;
;    |myRegister:STORE_TAG_REG|    ; 14 (14)           ; 5 (5)        ; 0           ; 0            ; 0       ; 0         ; 0    ; 0            ; |ID|myRegister:STORE_TAG_REG                   ;              ;
;    |pen32bitwith2output:PE|      ; 181 (1)           ; 0 (0)        ; 0           ; 0            ; 0       ; 0         ; 0    ; 0            ; |ID|pen32bitwith2output:PE                     ;              ;
;       |pen32bit:pen1|            ; 82 (82)           ; 0 (0)        ; 0           ; 0            ; 0       ; 0         ; 0    ; 0            ; |ID|pen32bitwith2output:PE|pen32bit:pen1       ;              ;
;       |pen32bit:pen2|            ; 98 (98)           ; 0 (0)        ; 0           ; 0            ; 0       ; 0         ; 0    ; 0            ; |ID|pen32bitwith2output:PE|pen32bit:pen2       ;              ;
+----------------------------------+-------------------+--------------+-------------+--------------+---------+-----------+------+--------------+------------------------------------------------+--------------+
Note: For table entries with two numbers listed, the numbers in parentheses indicate the number of resources of the given type used by the specific entity alone. The numbers listed outside of parentheses indicate the total resources of the given type used by the specific entity and all of its sub-entities in the hierarchy.


+------------------------------------------------------+
; General Register Statistics                          ;
+----------------------------------------------+-------+
; Statistic                                    ; Value ;
+----------------------------------------------+-------+
; Total registers                              ; 7     ;
; Number of registers using Synchronous Clear  ; 0     ;
; Number of registers using Synchronous Load   ; 6     ;
; Number of registers using Asynchronous Clear ; 7     ;
; Number of registers using Asynchronous Load  ; 0     ;
; Number of registers using Clock Enable       ; 6     ;
; Number of registers using Preset             ; 0     ;
+----------------------------------------------+-------+


+----------------------------------------------------------------------------------------------------------------------------------------------------+
; Multiplexer Restructuring Statistics (Restructuring Performed)                                                                                     ;
+--------------------+-----------+---------------+----------------------+------------------------+------------+--------------------------------------+
; Multiplexer Inputs ; Bus Width ; Baseline Area ; Area if Restructured ; Saving if Restructured ; Registered ; Example Multiplexer Output           ;
+--------------------+-----------+---------------+----------------------+------------------------+------------+--------------------------------------+
; 14:1               ; 4 bits    ; 36 LEs        ; 12 LEs               ; 24 LEs                 ; Yes        ; |ID|myRegister:STORE_TAG_REG|dout[1] ;
; 3:1                ; 5 bits    ; 10 LEs        ; 5 LEs                ; 5 LEs                  ; No         ; |ID|store_tag_reg_in                 ;
; 4:1                ; 4 bits    ; 8 LEs         ; 8 LEs                ; 0 LEs                  ; No         ; |ID|store_tag_reg_in                 ;
; 4:1                ; 4 bits    ; 8 LEs         ; 8 LEs                ; 0 LEs                  ; No         ; |ID|store_tag_reg_in                 ;
; 5:1                ; 5 bits    ; 15 LEs        ; 5 LEs                ; 10 LEs                 ; No         ; |ID|C_tag_out_arf                    ;
; 5:1                ; 5 bits    ; 15 LEs        ; 5 LEs                ; 10 LEs                 ; No         ; |ID|C_2_tag_out_arf                  ;
; 5:1                ; 7 bits    ; 21 LEs        ; 14 LEs               ; 7 LEs                  ; No         ; |ID|Z_tag_out_rs                     ;
; 5:1                ; 7 bits    ; 21 LEs        ; 14 LEs               ; 7 LEs                  ; No         ; |ID|Z_2_out                          ;
; 6:1                ; 5 bits    ; 20 LEs        ; 5 LEs                ; 15 LEs                 ; No         ; |ID|dest_AR_tag_out                  ;
; 6:1                ; 5 bits    ; 20 LEs        ; 5 LEs                ; 15 LEs                 ; No         ; |ID|dest_AR_tag_2_out                ;
; 4:1                ; 2 bits    ; 4 LEs         ; 2 LEs                ; 2 LEs                  ; No         ; |ID|x1_op1                           ;
; 4:1                ; 5 bits    ; 10 LEs        ; 10 LEs               ; 0 LEs                  ; No         ; |ID|x1_op1                           ;
; 4:1                ; 2 bits    ; 4 LEs         ; 2 LEs                ; 2 LEs                  ; No         ; |ID|x2_op1                           ;
; 4:1                ; 5 bits    ; 10 LEs        ; 10 LEs               ; 0 LEs                  ; No         ; |ID|x2_op1                           ;
; 7:1                ; 7 bits    ; 28 LEs        ; 7 LEs                ; 21 LEs                 ; No         ; |ID|C_tag_out_rs                     ;
; 7:1                ; 7 bits    ; 28 LEs        ; 7 LEs                ; 21 LEs                 ; No         ; |ID|C_2_tag_out_rs                   ;
; 4:1                ; 6 bits    ; 12 LEs        ; 12 LEs               ; 0 LEs                  ; No         ; |ID|x1_op1                           ;
; 4:1                ; 6 bits    ; 12 LEs        ; 12 LEs               ; 0 LEs                  ; No         ; |ID|x2_op1                           ;
; 7:1                ; 3 bits    ; 12 LEs        ; 6 LEs                ; 6 LEs                  ; No         ; |ID|Ard1b                            ;
; 7:1                ; 3 bits    ; 12 LEs        ; 6 LEs                ; 6 LEs                  ; No         ; |ID|Ard2b                            ;
; 93:1               ; 3 bits    ; 186 LEs       ; 45 LEs               ; 141 LEs                ; No         ; |ID|x1_op2                           ;
; 93:1               ; 3 bits    ; 186 LEs       ; 45 LEs               ; 141 LEs                ; No         ; |ID|x2_op2                           ;
; 185:1              ; 3 bits    ; 369 LEs       ; 6 LEs                ; 363 LEs                ; No         ; |ID|x1_val                           ;
; 9:1                ; 5 bits    ; 30 LEs        ; 5 LEs                ; 25 LEs                 ; No         ; |ID|Z_tag_out_arf                    ;
; 9:1                ; 5 bits    ; 30 LEs        ; 5 LEs                ; 25 LEs                 ; No         ; |ID|Z_2_tag_out_arf                  ;
; 7:1                ; 11 bits   ; 44 LEs        ; 44 LEs               ; 0 LEs                  ; No         ; |ID|x1_op2                           ;
; 7:1                ; 11 bits   ; 44 LEs        ; 44 LEs               ; 0 LEs                  ; No         ; |ID|x2_op2                           ;
; 9:1                ; 3 bits    ; 18 LEs        ; 6 LEs                ; 12 LEs                 ; No         ; |ID|Awr1                             ;
; 9:1                ; 3 bits    ; 18 LEs        ; 6 LEs                ; 12 LEs                 ; No         ; |ID|Awr2                             ;
; 8:1                ; 3 bits    ; 15 LEs        ; 12 LEs               ; 3 LEs                  ; No         ; |ID|Ard1a                            ;
; 8:1                ; 3 bits    ; 15 LEs        ; 12 LEs               ; 3 LEs                  ; No         ; |ID|Ard2a                            ;
; 9:1                ; 2 bits    ; 12 LEs        ; 6 LEs                ; 6 LEs                  ; No         ; |ID|x1_op2                           ;
; 9:1                ; 2 bits    ; 12 LEs        ; 6 LEs                ; 6 LEs                  ; No         ; |ID|x2_op2                           ;
+--------------------+-----------+---------------+----------------------+------------------------+------------+--------------------------------------+


+----------------------------------------------------------------------+
; Parameter Settings for User Entity Instance: myRegister:SPEC_TAG_REG ;
+----------------+-------+---------------------------------------------+
; Parameter Name ; Value ; Type                                        ;
+----------------+-------+---------------------------------------------+
; data_length    ; 2     ; Signed Integer                              ;
+----------------+-------+---------------------------------------------+
Note: In order to hide this table in the UI and the text report file, please set the "Show Parameter Settings in Synthesis Report" option in "Analysis and Synthesis Settings -> More Settings" to "Off".


+-----------------------------------------------------------------------+
; Parameter Settings for User Entity Instance: myRegister:STORE_TAG_REG ;
+----------------+-------+----------------------------------------------+
; Parameter Name ; Value ; Type                                         ;
+----------------+-------+----------------------------------------------+
; data_length    ; 5     ; Signed Integer                               ;
+----------------+-------+----------------------------------------------+
Note: In order to hide this table in the UI and the text report file, please set the "Show Parameter Settings in Synthesis Report" option in "Analysis and Synthesis Settings -> More Settings" to "Off".


+---------------------------------------------------------------------------------------------------------------------+
; Port Connectivity Checks: "Add:STORE_TAG_INC2"                                                                      ;
+-----------+--------+----------+-------------------------------------------------------------------------------------+
; Port      ; Type   ; Severity ; Details                                                                             ;
+-----------+--------+----------+-------------------------------------------------------------------------------------+
; y[15..2]  ; Input  ; Info     ; Stuck at GND                                                                        ;
; y[1]      ; Input  ; Info     ; Stuck at VCC                                                                        ;
; y[0]      ; Input  ; Info     ; Stuck at GND                                                                        ;
; s0[15..5] ; Output ; Info     ; Connected to dangling logic. Logic that only feeds a dangling port will be removed. ;
; c_out     ; Output ; Info     ; Connected to dangling logic. Logic that only feeds a dangling port will be removed. ;
+-----------+--------+----------+-------------------------------------------------------------------------------------+


+---------------------------------------------------------------------------------------------------------------------+
; Port Connectivity Checks: "Add:STORE_TAG_DEC2"                                                                      ;
+-----------+--------+----------+-------------------------------------------------------------------------------------+
; Port      ; Type   ; Severity ; Details                                                                             ;
+-----------+--------+----------+-------------------------------------------------------------------------------------+
; y[15..1]  ; Input  ; Info     ; Stuck at VCC                                                                        ;
; y[0]      ; Input  ; Info     ; Stuck at GND                                                                        ;
; s0[15..5] ; Output ; Info     ; Connected to dangling logic. Logic that only feeds a dangling port will be removed. ;
; c_out     ; Output ; Info     ; Connected to dangling logic. Logic that only feeds a dangling port will be removed. ;
+-----------+--------+----------+-------------------------------------------------------------------------------------+


+---------------------------------------------------------------------------------------------------------------------+
; Port Connectivity Checks: "Add:STORE_TAG_INC"                                                                       ;
+-----------+--------+----------+-------------------------------------------------------------------------------------+
; Port      ; Type   ; Severity ; Details                                                                             ;
+-----------+--------+----------+-------------------------------------------------------------------------------------+
; y[15..1]  ; Input  ; Info     ; Stuck at GND                                                                        ;
; y[0]      ; Input  ; Info     ; Stuck at VCC                                                                        ;
; s0[15..5] ; Output ; Info     ; Connected to dangling logic. Logic that only feeds a dangling port will be removed. ;
; c_out     ; Output ; Info     ; Connected to dangling logic. Logic that only feeds a dangling port will be removed. ;
+-----------+--------+----------+-------------------------------------------------------------------------------------+


+---------------------------------------------------------------------------------------------------------------------+
; Port Connectivity Checks: "Add:STORE_TAG_DEC"                                                                       ;
+-----------+--------+----------+-------------------------------------------------------------------------------------+
; Port      ; Type   ; Severity ; Details                                                                             ;
+-----------+--------+----------+-------------------------------------------------------------------------------------+
; y         ; Input  ; Info     ; Stuck at VCC                                                                        ;
; s0[15..5] ; Output ; Info     ; Connected to dangling logic. Logic that only feeds a dangling port will be removed. ;
; c_out     ; Output ; Info     ; Connected to dangling logic. Logic that only feeds a dangling port will be removed. ;
+-----------+--------+----------+-------------------------------------------------------------------------------------+


+-----------------------------------------------------------------------------------------------------------------+
; Port Connectivity Checks: "Add:ADDER3"                                                                          ;
+-------+--------+----------+-------------------------------------------------------------------------------------+
; Port  ; Type   ; Severity ; Details                                                                             ;
+-------+--------+----------+-------------------------------------------------------------------------------------+
; c_out ; Output ; Info     ; Connected to dangling logic. Logic that only feeds a dangling port will be removed. ;
+-------+--------+----------+-------------------------------------------------------------------------------------+


+-----------------------------------------------------+
; Port Connectivity Checks: "Add:ADDER2|FullAdder:F0" ;
+------+-------+----------+---------------------------+
; Port ; Type  ; Severity ; Details                   ;
+------+-------+----------+---------------------------+
; cin  ; Input ; Info     ; Stuck at GND              ;
+------+-------+----------+---------------------------+


+-----------------------------------------------------------------------------------------------------------------+
; Port Connectivity Checks: "Add:ADDER2"                                                                          ;
+-------+--------+----------+-------------------------------------------------------------------------------------+
; Port  ; Type   ; Severity ; Details                                                                             ;
+-------+--------+----------+-------------------------------------------------------------------------------------+
; c_out ; Output ; Info     ; Connected to dangling logic. Logic that only feeds a dangling port will be removed. ;
+-------+--------+----------+-------------------------------------------------------------------------------------+


+-------------------------------+
; Elapsed Time Per Partition    ;
+----------------+--------------+
; Partition Name ; Elapsed Time ;
+----------------+--------------+
; Top            ; 00:00:04     ;
+----------------+--------------+


+-------------------------------+
; Analysis & Synthesis Messages ;
+-------------------------------+
Info: *******************************************************************
Info: Running Quartus II 64-Bit Analysis & Synthesis
    Info: Version 13.0.0 Build 156 04/24/2013 SJ Web Edition
    Info: Processing started: Sun May  5 23:17:07 2019
Info: Command: quartus_map --read_settings_files=on --write_settings_files=off ID -c ID
Info (20030): Parallel compilation is enabled and will use 2 of the 2 processors detected
Info (12021): Found 2 design units, including 1 entities, in source file RF_tag.vhd
    Info (12022): Found design unit 1: RF_tag-behave
    Info (12023): Found entity 1: RF_tag
Info (12021): Found 2 design units, including 1 entities, in source file RF_busybit.vhd
    Info (12022): Found design unit 1: RF_busybit-behave
    Info (12023): Found entity 1: RF_busybit
Info (12021): Found 2 design units, including 1 entities, in source file RF.vhd
    Info (12022): Found design unit 1: RF-behave
    Info (12023): Found entity 1: RF
Info (12021): Found 2 design units, including 1 entities, in source file register.vhd
    Info (12022): Found design unit 1: myRegister-behave
    Info (12023): Found entity 1: myRegister
Info (12021): Found 2 design units, including 1 entities, in source file pen32bitwith2output.vhd
    Info (12022): Found design unit 1: pen32bitwith2output-behave
    Info (12023): Found entity 1: pen32bitwith2output
Info (12021): Found 2 design units, including 1 entities, in source file pen32bit.vhd
    Info (12022): Found design unit 1: pen32bit-behave
    Info (12023): Found entity 1: pen32bit
Info (12021): Found 2 design units, including 1 entities, in source file ID.vhd
    Info (12022): Found design unit 1: ID-behave
    Info (12023): Found entity 1: ID
Info (12021): Found 2 design units, including 1 entities, in source file FullAdder.vhd
    Info (12022): Found design unit 1: FullAdder-Struct
    Info (12023): Found entity 1: FullAdder
Info (12021): Found 2 design units, including 1 entities, in source file add.vhd
    Info (12022): Found design unit 1: Add-Struct
    Info (12023): Found entity 1: Add
Info (12127): Elaborating entity "ID" for the top level hierarchy
Warning (10036): Verilog HDL or VHDL warning at ID.vhd(110): object "c_adder2out" assigned a value but never read
Warning (10036): Verilog HDL or VHDL warning at ID.vhd(110): object "c_adder3out" assigned a value but never read
Warning (10036): Verilog HDL or VHDL warning at ID.vhd(118): object "c_store_tag1" assigned a value but never read
Warning (10036): Verilog HDL or VHDL warning at ID.vhd(118): object "c_store_tag2" assigned a value but never read
Warning (10036): Verilog HDL or VHDL warning at ID.vhd(118): object "c_store_tag3" assigned a value but never read
Warning (10036): Verilog HDL or VHDL warning at ID.vhd(118): object "c_store_tag4" assigned a value but never read
Info (12128): Elaborating entity "Add" for hierarchy "Add:ADDER2"
Info (12128): Elaborating entity "FullAdder" for hierarchy "Add:ADDER2|FullAdder:F0"
Info (12128): Elaborating entity "pen32bitwith2output" for hierarchy "pen32bitwith2output:PE"
Info (12128): Elaborating entity "pen32bit" for hierarchy "pen32bitwith2output:PE|pen32bit:pen1"
Info (12128): Elaborating entity "myRegister" for hierarchy "myRegister:SPEC_TAG_REG"
Info (12128): Elaborating entity "myRegister" for hierarchy "myRegister:STORE_TAG_REG"
Warning (13024): Output pins are stuck at VCC or GND
    Warning (13410): Pin "free_rrf_vec_out[0]" is stuck at GND
    Warning (13410): Pin "free_rrf_vec_out[1]" is stuck at GND
    Warning (13410): Pin "Ard1c[0]" is stuck at GND
    Warning (13410): Pin "Ard1c[1]" is stuck at GND
    Warning (13410): Pin "Ard1c[2]" is stuck at GND
    Warning (13410): Pin "Ard2c[0]" is stuck at GND
    Warning (13410): Pin "Ard2c[1]" is stuck at GND
    Warning (13410): Pin "Ard2c[2]" is stuck at GND
    Warning (13410): Pin "ZA7_1_out[0]" is stuck at GND
    Warning (13410): Pin "ZA7_1_out[1]" is stuck at GND
    Warning (13410): Pin "ZA7_1_out[2]" is stuck at GND
    Warning (13410): Pin "ZA7_1_out[3]" is stuck at GND
    Warning (13410): Pin "ZA7_1_out[4]" is stuck at GND
    Warning (13410): Pin "ZA7_1_out[5]" is stuck at GND
    Warning (13410): Pin "ZA7_1_out[6]" is stuck at GND
    Warning (13410): Pin "ZA7_2_out[0]" is stuck at VCC
    Warning (13410): Pin "ZA7_2_out[1]" is stuck at VCC
    Warning (13410): Pin "ZA7_2_out[2]" is stuck at VCC
    Warning (13410): Pin "ZA7_2_out[3]" is stuck at VCC
    Warning (13410): Pin "ZA7_2_out[4]" is stuck at VCC
    Warning (13410): Pin "ZA7_2_out[5]" is stuck at VCC
    Warning (13410): Pin "ZA7_2_out[6]" is stuck at VCC
Info (16010): Generating hard_block partition "hard_block:auto_generated_inst"
    Info (16011): Adding 0 node(s), including 0 DDIO, 0 PLL, 0 transceiver and 0 LCELL
Info (21057): Implemented 1344 device resources after synthesis - the final resource count might be different
    Info (21058): Implemented 225 input pins
    Info (21059): Implemented 348 output pins
    Info (21061): Implemented 771 logic cells
Info: Quartus II 64-Bit Analysis & Synthesis was successful. 0 errors, 29 warnings
    Info: Peak virtual memory: 666 megabytes
    Info: Processing ended: Sun May  5 23:17:14 2019
    Info: Elapsed time: 00:00:07
    Info: Total CPU time (on all processors): 00:00:06


